Classic Timing Analyzer report for counter
Mon Apr 18 16:50:14 2022
Quartus II Version 9.1 Build 350 03/24/2010 Service Pack 2 SJ Web Edition


---------------------
; Table of Contents ;
---------------------
  1. Legal Notice
  2. Timing Analyzer Summary
  3. Timing Analyzer Settings
  4. Clock Settings Summary
  5. Parallel Compilation
  6. Clock Setup: 'clk'
  7. tco
  8. Timing Analyzer Messages



----------------
; Legal Notice ;
----------------
Copyright (C) 1991-2010 Altera Corporation
Your use of Altera Corporation's design tools, logic functions 
and other software and tools, and its AMPP partner logic 
functions, and any output files from any of the foregoing 
(including device programming or simulation files), and any 
associated documentation or information are expressly subject 
to the terms and conditions of the Altera Program License 
Subscription Agreement, Altera MegaCore Function License 
Agreement, or other applicable license agreement, including, 
without limitation, that your use is for the sole purpose of 
programming logic devices manufactured by Altera and sold by 
Altera or its authorized distributors.  Please refer to the 
applicable agreement for further details.



+------------------------------------------------------------------------------------------------------------------------------------------------------------------------------------+
; Timing Analyzer Summary                                                                                                                                                            ;
+------------------------------+-------+---------------+------------------------------------------------+------------------+------------------+------------+----------+--------------+
; Type                         ; Slack ; Required Time ; Actual Time                                    ; From             ; To               ; From Clock ; To Clock ; Failed Paths ;
+------------------------------+-------+---------------+------------------------------------------------+------------------+------------------+------------+----------+--------------+
; Worst-case tco               ; N/A   ; None          ; 9.428 ns                                       ; uni[0]           ; S[0]             ; clk        ; --       ; 0            ;
; Clock Setup: 'clk'           ; N/A   ; None          ; Restricted to 500.00 MHz ( period = 2.000 ns ) ; uni[3]~DUPLICATE ; uni[1]~DUPLICATE ; clk        ; clk      ; 0            ;
; Total number of failed paths ;       ;               ;                                                ;                  ;                  ;            ;          ; 0            ;
+------------------------------+-------+---------------+------------------------------------------------+------------------+------------------+------------+----------+--------------+


+-----------------------------------------------------------------------------------------------------------------------------------------------------+
; Timing Analyzer Settings                                                                                                                            ;
+------------------------------------------------------------------------------------------------------+--------------------+------+----+-------------+
; Option                                                                                               ; Setting            ; From ; To ; Entity Name ;
+------------------------------------------------------------------------------------------------------+--------------------+------+----+-------------+
; Device Name                                                                                          ; EP2S15F484I4       ;      ;    ;             ;
; Timing Models                                                                                        ; Final              ;      ;    ;             ;
; Default hold multicycle                                                                              ; Same as Multicycle ;      ;    ;             ;
; Cut paths between unrelated clock domains                                                            ; On                 ;      ;    ;             ;
; Cut off read during write signal paths                                                               ; On                 ;      ;    ;             ;
; Cut off feedback from I/O pins                                                                       ; On                 ;      ;    ;             ;
; Report Combined Fast/Slow Timing                                                                     ; Off                ;      ;    ;             ;
; Ignore Clock Settings                                                                                ; Off                ;      ;    ;             ;
; Analyze latches as synchronous elements                                                              ; On                 ;      ;    ;             ;
; Enable Recovery/Removal analysis                                                                     ; Off                ;      ;    ;             ;
; Enable Clock Latency                                                                                 ; Off                ;      ;    ;             ;
; Use TimeQuest Timing Analyzer                                                                        ; Off                ;      ;    ;             ;
; Minimum Core Junction Temperature                                                                    ; -40                ;      ;    ;             ;
; Maximum Core Junction Temperature                                                                    ; 100                ;      ;    ;             ;
; Number of source nodes to report per destination node                                                ; 10                 ;      ;    ;             ;
; Number of destination nodes to report                                                                ; 10                 ;      ;    ;             ;
; Number of paths to report                                                                            ; 200                ;      ;    ;             ;
; Report Minimum Timing Checks                                                                         ; Off                ;      ;    ;             ;
; Use Fast Timing Models                                                                               ; Off                ;      ;    ;             ;
; Report IO Paths Separately                                                                           ; Off                ;      ;    ;             ;
; Perform Multicorner Analysis                                                                         ; On                 ;      ;    ;             ;
; Reports the worst-case path for each clock domain and analysis                                       ; Off                ;      ;    ;             ;
; Reports worst-case timing paths for each clock domain and analysis                                   ; Off                ;      ;    ;             ;
; Specifies the maximum number of worst-case timing paths to report for each clock domain and analysis ; 100                ;      ;    ;             ;
; Removes common clock path pessimism (CCPP) during slack computation                                  ; Off                ;      ;    ;             ;
; Output I/O Timing Endpoint                                                                           ; Near End           ;      ;    ;             ;
+------------------------------------------------------------------------------------------------------+--------------------+------+----+-------------+


+------------------------------------------------------------------------------------------------------------------------------------------------------------------------------------+
; Clock Settings Summary                                                                                                                                                             ;
+-----------------+--------------------+----------+------------------+---------------+--------------+----------+-----------------------+---------------------+--------+--------------+
; Clock Node Name ; Clock Setting Name ; Type     ; Fmax Requirement ; Early Latency ; Late Latency ; Based on ; Multiply Base Fmax by ; Divide Base Fmax by ; Offset ; Phase offset ;
+-----------------+--------------------+----------+------------------+---------------+--------------+----------+-----------------------+---------------------+--------+--------------+
; clk             ;                    ; User Pin ; None             ; 0.000 ns      ; 0.000 ns     ; --       ; N/A                   ; N/A                 ; N/A    ;              ;
+-----------------+--------------------+----------+------------------+---------------+--------------+----------+-----------------------+---------------------+--------+--------------+


Parallel compilation was disabled, but you have multiple processors available. Enable parallel compilation to reduce compilation time.
+-------------------------------------+
; Parallel Compilation                ;
+----------------------------+--------+
; Processors                 ; Number ;
+----------------------------+--------+
; Number detected on machine ; 2      ;
; Maximum allowed            ; 1      ;
+----------------------------+--------+


+----------------------------------------------------------------------------------------------------------------------------------------------------------------------------------------------------------+
; Clock Setup: 'clk'                                                                                                                                                                                       ;
+-------+------------------------------------------------+------------------+------------------+------------+----------+-----------------------------+---------------------------+-------------------------+
; Slack ; Actual fmax (period)                           ; From             ; To               ; From Clock ; To Clock ; Required Setup Relationship ; Required Longest P2P Time ; Actual Longest P2P Time ;
+-------+------------------------------------------------+------------------+------------------+------------+----------+-----------------------------+---------------------------+-------------------------+
; N/A   ; Restricted to 500.00 MHz ( period = 2.000 ns ) ; uni[3]~DUPLICATE ; uni[1]           ; clk        ; clk      ; None                        ; None                      ; 0.805 ns                ;
; N/A   ; Restricted to 500.00 MHz ( period = 2.000 ns ) ; uni[1]~DUPLICATE ; uni[3]~DUPLICATE ; clk        ; clk      ; None                        ; None                      ; 0.805 ns                ;
; N/A   ; Restricted to 500.00 MHz ( period = 2.000 ns ) ; uni[1]~DUPLICATE ; uni[3]           ; clk        ; clk      ; None                        ; None                      ; 0.805 ns                ;
; N/A   ; Restricted to 500.00 MHz ( period = 2.000 ns ) ; uni[3]~DUPLICATE ; uni[1]~DUPLICATE ; clk        ; clk      ; None                        ; None                      ; 0.805 ns                ;
; N/A   ; Restricted to 500.00 MHz ( period = 2.000 ns ) ; uni[1]~DUPLICATE ; uni[2]           ; clk        ; clk      ; None                        ; None                      ; 0.803 ns                ;
; N/A   ; Restricted to 500.00 MHz ( period = 2.000 ns ) ; uni[1]~DUPLICATE ; uni[2]~DUPLICATE ; clk        ; clk      ; None                        ; None                      ; 0.803 ns                ;
; N/A   ; Restricted to 500.00 MHz ( period = 2.000 ns ) ; uni[2]           ; uni[0]           ; clk        ; clk      ; None                        ; None                      ; 0.798 ns                ;
; N/A   ; Restricted to 500.00 MHz ( period = 2.000 ns ) ; uni[2]~DUPLICATE ; uni[3]~DUPLICATE ; clk        ; clk      ; None                        ; None                      ; 0.772 ns                ;
; N/A   ; Restricted to 500.00 MHz ( period = 2.000 ns ) ; uni[2]~DUPLICATE ; uni[3]           ; clk        ; clk      ; None                        ; None                      ; 0.772 ns                ;
; N/A   ; Restricted to 500.00 MHz ( period = 2.000 ns ) ; uni[3]           ; uni[2]           ; clk        ; clk      ; None                        ; None                      ; 0.771 ns                ;
; N/A   ; Restricted to 500.00 MHz ( period = 2.000 ns ) ; uni[3]           ; uni[2]~DUPLICATE ; clk        ; clk      ; None                        ; None                      ; 0.771 ns                ;
; N/A   ; Restricted to 500.00 MHz ( period = 2.000 ns ) ; uni[1]           ; uni[0]           ; clk        ; clk      ; None                        ; None                      ; 0.770 ns                ;
; N/A   ; Restricted to 500.00 MHz ( period = 2.000 ns ) ; uni[0]           ; uni[3]           ; clk        ; clk      ; None                        ; None                      ; 0.537 ns                ;
; N/A   ; Restricted to 500.00 MHz ( period = 2.000 ns ) ; uni[0]           ; uni[3]~DUPLICATE ; clk        ; clk      ; None                        ; None                      ; 0.536 ns                ;
; N/A   ; Restricted to 500.00 MHz ( period = 2.000 ns ) ; uni[0]           ; uni[2]~DUPLICATE ; clk        ; clk      ; None                        ; None                      ; 0.535 ns                ;
; N/A   ; Restricted to 500.00 MHz ( period = 2.000 ns ) ; uni[0]           ; uni[2]           ; clk        ; clk      ; None                        ; None                      ; 0.534 ns                ;
; N/A   ; Restricted to 500.00 MHz ( period = 2.000 ns ) ; uni[0]           ; uni[1]~DUPLICATE ; clk        ; clk      ; None                        ; None                      ; 0.534 ns                ;
; N/A   ; Restricted to 500.00 MHz ( period = 2.000 ns ) ; uni[0]           ; uni[1]           ; clk        ; clk      ; None                        ; None                      ; 0.533 ns                ;
; N/A   ; Restricted to 500.00 MHz ( period = 2.000 ns ) ; uni[3]~DUPLICATE ; uni[0]           ; clk        ; clk      ; None                        ; None                      ; 0.511 ns                ;
; N/A   ; Restricted to 500.00 MHz ( period = 2.000 ns ) ; uni[0]           ; uni[0]           ; clk        ; clk      ; None                        ; None                      ; 0.456 ns                ;
; N/A   ; Restricted to 500.00 MHz ( period = 2.000 ns ) ; uni[2]           ; uni[2]           ; clk        ; clk      ; None                        ; None                      ; 0.456 ns                ;
; N/A   ; Restricted to 500.00 MHz ( period = 2.000 ns ) ; uni[1]           ; uni[1]           ; clk        ; clk      ; None                        ; None                      ; 0.456 ns                ;
; N/A   ; Restricted to 500.00 MHz ( period = 2.000 ns ) ; uni[3]~DUPLICATE ; uni[3]~DUPLICATE ; clk        ; clk      ; None                        ; None                      ; 0.456 ns                ;
; N/A   ; Restricted to 500.00 MHz ( period = 2.000 ns ) ; uni[3]           ; uni[3]           ; clk        ; clk      ; None                        ; None                      ; 0.456 ns                ;
; N/A   ; Restricted to 500.00 MHz ( period = 2.000 ns ) ; uni[1]~DUPLICATE ; uni[1]~DUPLICATE ; clk        ; clk      ; None                        ; None                      ; 0.456 ns                ;
; N/A   ; Restricted to 500.00 MHz ( period = 2.000 ns ) ; uni[2]~DUPLICATE ; uni[2]~DUPLICATE ; clk        ; clk      ; None                        ; None                      ; 0.456 ns                ;
+-------+------------------------------------------------+------------------+------------------+------------+----------+-----------------------------+---------------------------+-------------------------+


+--------------------------------------------------------------------------+
; tco                                                                      ;
+-------+--------------+------------+------------------+------+------------+
; Slack ; Required tco ; Actual tco ; From             ; To   ; From Clock ;
+-------+--------------+------------+------------------+------+------------+
; N/A   ; None         ; 9.428 ns   ; uni[0]           ; S[0] ; clk        ;
; N/A   ; None         ; 6.677 ns   ; uni[3]~DUPLICATE ; S[3] ; clk        ;
; N/A   ; None         ; 5.875 ns   ; uni[1]~DUPLICATE ; S[1] ; clk        ;
; N/A   ; None         ; 5.872 ns   ; uni[2]           ; S[2] ; clk        ;
+-------+--------------+------------+------------------+------+------------+


+--------------------------+
; Timing Analyzer Messages ;
+--------------------------+
Info: *******************************************************************
Info: Running Quartus II Classic Timing Analyzer
    Info: Version 9.1 Build 350 03/24/2010 Service Pack 2 SJ Web Edition
    Info: Processing started: Mon Apr 18 16:50:13 2022
Info: Command: quartus_tan --read_settings_files=off --write_settings_files=off counter -c counter --timing_analysis_only
Warning: Found pins functioning as undefined clocks and/or memory enables
    Info: Assuming node "clk" is an undefined clock
Info: Clock "clk" Internal fmax is restricted to 500.0 MHz between source register "uni[3]~DUPLICATE" and destination register "uni[1]"
    Info: fmax restricted to clock pin edge rate 2.0 ns. Expand message to see actual delay path.
        Info: + Longest register to register delay is 0.805 ns
            Info: 1: + IC(0.000 ns) + CELL(0.000 ns) = 0.000 ns; Loc. = LCFF_X25_Y1_N31; Fanout = 5; REG Node = 'uni[3]~DUPLICATE'
            Info: 2: + IC(0.314 ns) + CELL(0.313 ns) = 0.627 ns; Loc. = LCCOMB_X25_Y1_N22; Fanout = 1; COMB Node = 'uni~1'
            Info: 3: + IC(0.000 ns) + CELL(0.178 ns) = 0.805 ns; Loc. = LCFF_X25_Y1_N23; Fanout = 2; REG Node = 'uni[1]'
            Info: Total cell delay = 0.491 ns ( 60.99 % )
            Info: Total interconnect delay = 0.314 ns ( 39.01 % )
        Info: - Smallest clock skew is 0.000 ns
            Info: + Shortest clock path from clock "clk" to destination register is 2.860 ns
                Info: 1: + IC(0.000 ns) + CELL(0.974 ns) = 0.974 ns; Loc. = PIN_N20; Fanout = 1; CLK Node = 'clk'
                Info: 2: + IC(0.394 ns) + CELL(0.000 ns) = 1.368 ns; Loc. = CLKCTRL_G3; Fanout = 7; COMB Node = 'clk~clkctrl'
                Info: 3: + IC(0.782 ns) + CELL(0.710 ns) = 2.860 ns; Loc. = LCFF_X25_Y1_N23; Fanout = 2; REG Node = 'uni[1]'
                Info: Total cell delay = 1.684 ns ( 58.88 % )
                Info: Total interconnect delay = 1.176 ns ( 41.12 % )
            Info: - Longest clock path from clock "clk" to source register is 2.860 ns
                Info: 1: + IC(0.000 ns) + CELL(0.974 ns) = 0.974 ns; Loc. = PIN_N20; Fanout = 1; CLK Node = 'clk'
                Info: 2: + IC(0.394 ns) + CELL(0.000 ns) = 1.368 ns; Loc. = CLKCTRL_G3; Fanout = 7; COMB Node = 'clk~clkctrl'
                Info: 3: + IC(0.782 ns) + CELL(0.710 ns) = 2.860 ns; Loc. = LCFF_X25_Y1_N31; Fanout = 5; REG Node = 'uni[3]~DUPLICATE'
                Info: Total cell delay = 1.684 ns ( 58.88 % )
                Info: Total interconnect delay = 1.176 ns ( 41.12 % )
        Info: + Micro clock to output delay of source is 0.109 ns
        Info: + Micro setup delay of destination is 0.104 ns
Info: tco from clock "clk" to destination pin "S[0]" through register "uni[0]" is 9.428 ns
    Info: + Longest clock path from clock "clk" to source register is 2.860 ns
        Info: 1: + IC(0.000 ns) + CELL(0.974 ns) = 0.974 ns; Loc. = PIN_N20; Fanout = 1; CLK Node = 'clk'
        Info: 2: + IC(0.394 ns) + CELL(0.000 ns) = 1.368 ns; Loc. = CLKCTRL_G3; Fanout = 7; COMB Node = 'clk~clkctrl'
        Info: 3: + IC(0.782 ns) + CELL(0.710 ns) = 2.860 ns; Loc. = LCFF_X25_Y1_N17; Fanout = 8; REG Node = 'uni[0]'
        Info: Total cell delay = 1.684 ns ( 58.88 % )
        Info: Total interconnect delay = 1.176 ns ( 41.12 % )
    Info: + Micro clock to output delay of source is 0.109 ns
    Info: + Longest register to pin delay is 6.459 ns
        Info: 1: + IC(0.000 ns) + CELL(0.000 ns) = 0.000 ns; Loc. = LCFF_X25_Y1_N17; Fanout = 8; REG Node = 'uni[0]'
        Info: 2: + IC(4.202 ns) + CELL(2.257 ns) = 6.459 ns; Loc. = PIN_C19; Fanout = 0; PIN Node = 'S[0]'
        Info: Total cell delay = 2.257 ns ( 34.94 % )
        Info: Total interconnect delay = 4.202 ns ( 65.06 % )
Info: Quartus II Classic Timing Analyzer was successful. 0 errors, 1 warning
    Info: Peak virtual memory: 190 megabytes
    Info: Processing ended: Mon Apr 18 16:50:14 2022
    Info: Elapsed time: 00:00:01
    Info: Total CPU time (on all processors): 00:00:01


